<?xml version="1.0" encoding="UTF-8"?>
<robot generator="Robot 3.2.2 (Python 3.9.0 on win32)" generated="20201112 22:47:06.492" rpa="false">
<suite id="s1" name="SuiteTeste" source="C:\Users\Ricardo\Desktop\Curso Robot\TestSite\Tests\SuiteTeste.robot">
<test id="s1-t1" name="TC 01 - Produto existente">
<kw name="Abrir Navegador" library="Resource" type="setup">
<kw name="Open Browser" library="SeleniumLibrary">
<doc>Opens a new browser instance to the given ``url``.</doc>
<arguments>
<arg>${URL}</arg>
<arg>${BROWSER}</arg>
</arguments>
<msg timestamp="20201112 22:47:06.691" level="INFO">Opening browser 'chrome' to base url 'http://automationpractice.com'.</msg>
<status status="PASS" starttime="20201112 22:47:06.691" endtime="20201112 22:47:24.145"></status>
</kw>
<status status="PASS" starttime="20201112 22:47:06.690" endtime="20201112 22:47:24.145"></status>
</kw>
<kw name="Acessar a página home do site" library="Resource">
<kw name="Title Should Be" library="SeleniumLibrary">
<doc>Verifies that current page title equals ``title``.</doc>
<arguments>
<arg>My Store</arg>
</arguments>
<msg timestamp="20201112 22:47:24.154" level="INFO">Page title is 'My Store'.</msg>
<status status="PASS" starttime="20201112 22:47:24.147" endtime="20201112 22:47:24.154"></status>
</kw>
<status status="PASS" starttime="20201112 22:47:24.146" endtime="20201112 22:47:24.154"></status>
</kw>
<kw name="Digitar o nome do preoduto &quot;Blouse&quot; na pesquisa" library="Resource">
<kw name="Input Text" library="SeleniumLibrary">
<doc>Types the given ``text`` into text field identified by ``locator``.</doc>
<arguments>
<arg>id=search_query_top</arg>
<arg>${PRODUTO}</arg>
</arguments>
<msg timestamp="20201112 22:47:24.155" level="INFO">Typing text 'Blouse' into text field 'id=search_query_top'.</msg>
<status status="PASS" starttime="20201112 22:47:24.155" endtime="20201112 22:47:24.257"></status>
</kw>
<status status="PASS" starttime="20201112 22:47:24.155" endtime="20201112 22:47:24.257"></status>
</kw>
<kw name="Clicar no botão pesquisar" library="Resource">
<kw name="Click Element" library="SeleniumLibrary">
<doc>Click element identified by ``locator``.</doc>
<arguments>
<arg>submit_search</arg>
</arguments>
<msg timestamp="20201112 22:47:24.259" level="INFO">Clicking element 'submit_search'.</msg>
<status status="PASS" starttime="20201112 22:47:24.259" endtime="20201112 22:47:27.342"></status>
</kw>
<status status="PASS" starttime="20201112 22:47:24.258" endtime="20201112 22:47:27.342"></status>
</kw>
<kw name="Fechar Navegador" library="Resource" type="teardown">
<kw name="Close Browser" library="SeleniumLibrary">
<doc>Closes the current browser.</doc>
<status status="PASS" starttime="20201112 22:47:27.344" endtime="20201112 22:47:29.502"></status>
</kw>
<status status="PASS" starttime="20201112 22:47:27.343" endtime="20201112 22:47:29.502"></status>
</kw>
<status status="PASS" starttime="20201112 22:47:06.689" endtime="20201112 22:47:29.503" critical="yes"></status>
</test>
<status status="PASS" starttime="20201112 22:47:06.495" endtime="20201112 22:47:29.506"></status>
</suite>
<statistics>
<total>
<stat pass="1" fail="0">Critical Tests</stat>
<stat pass="1" fail="0">All Tests</stat>
</total>
<tag>
</tag>
<suite>
<stat pass="1" fail="0" id="s1" name="SuiteTeste">SuiteTeste</stat>
</suite>
</statistics>
<errors>
</errors>
</robot>
