<?xml version="1.0" encoding="UTF-8"?>
<robot generator="Robot 3.2.2 (Python 3.9.0 on win32)" generated="20201230 17:16:13.031" rpa="false">
<suite id="s1" name="Suite" source="C:\Users\ricardo.pereira\PycharmProjects\Logistico\Tests\Suite.robot">
<test id="s1-t1" name="TC 01 - Criar nova carga manual">
<kw name="Login" library="Resource" type="setup">
<kw name="Open Browser" library="SeleniumLibrary">
<doc>Opens a new browser instance to the optional ``url``.</doc>
<arguments>
<arg>${URL}</arg>
<arg>${BROWSER}</arg>
</arguments>
<msg timestamp="20201230 17:16:13.207" level="INFO">Opening browser 'chrome' to base url 'http://qualidade.focco.com.br/vm-clone-12/erp/app/Comercial/Expedicao/FPLC0253'.</msg>
<status status="PASS" starttime="20201230 17:16:13.207" endtime="20201230 17:16:18.251"></status>
</kw>
<kw name="Maximize Browser Window" library="SeleniumLibrary">
<doc>Maximizes current browser window.</doc>
<status status="PASS" starttime="20201230 17:16:18.251" endtime="20201230 17:16:20.422"></status>
</kw>
<kw name="Input Text" library="SeleniumLibrary">
<doc>Types the given ``text`` into the text field identified by ``locator``.</doc>
<arguments>
<arg>id=txtUser</arg>
<arg>${USUARIO}</arg>
</arguments>
<msg timestamp="20201230 17:16:20.423" level="INFO">Typing text 'teste06' into text field 'id=txtUser'.</msg>
<status status="PASS" starttime="20201230 17:16:20.423" endtime="20201230 17:16:20.478"></status>
</kw>
<kw name="Input Text" library="SeleniumLibrary">
<doc>Types the given ``text`` into the text field identified by ``locator``.</doc>
<arguments>
<arg>id=txtPassword</arg>
<arg>${SENHA}</arg>
</arguments>
<msg timestamp="20201230 17:16:20.479" level="INFO">Typing text 'teste18' into text field 'id=txtPassword'.</msg>
<status status="PASS" starttime="20201230 17:16:20.478" endtime="20201230 17:16:20.544"></status>
</kw>
<kw name="Click Element" library="SeleniumLibrary">
<doc>Click the element identified by ``locator``.</doc>
<arguments>
<arg>id=btnSignin</arg>
</arguments>
<msg timestamp="20201230 17:16:20.545" level="INFO">Clicking element 'id=btnSignin'.</msg>
<status status="PASS" starttime="20201230 17:16:20.544" endtime="20201230 17:16:22.953"></status>
</kw>
<status status="PASS" starttime="20201230 17:16:13.207" endtime="20201230 17:16:22.953"></status>
</kw>
<kw name="Clicar no botão Nova Carga" library="Resource">
<kw name="Wait Until Element Is Visible" library="SeleniumLibrary">
<doc>Waits until the element ``locator`` is visible.</doc>
<arguments>
<arg>xpath=//*[@class="ffbutton__text"][contains(text(),"NOVA CARGA")]</arg>
</arguments>
<status status="PASS" starttime="20201230 17:16:22.954" endtime="20201230 17:16:23.239"></status>
</kw>
<kw name="Click Element" library="SeleniumLibrary">
<doc>Click the element identified by ``locator``.</doc>
<arguments>
<arg>xpath=//*[@class="ffbutton__text"][contains(text(),"NOVA CARGA")]</arg>
</arguments>
<msg timestamp="20201230 17:16:23.240" level="INFO">Clicking element 'xpath=//*[@class="ffbutton__text"][contains(text(),"NOVA CARGA")]'.</msg>
<status status="PASS" starttime="20201230 17:16:23.240" endtime="20201230 17:16:23.289"></status>
</kw>
<status status="PASS" starttime="20201230 17:16:22.953" endtime="20201230 17:16:23.289"></status>
</kw>
<kw name="Informar todos os campos do formulário" library="Resource">
<kw name="Wait Until Element Is Visible" library="SeleniumLibrary">
<doc>Waits until the element ``locator`` is visible.</doc>
<arguments>
<arg>xpath=//input[@id='Descricao']</arg>
</arguments>
<status status="PASS" starttime="20201230 17:16:23.290" endtime="20201230 17:16:25.288"></status>
</kw>
<kw name="Click Element" library="SeleniumLibrary">
<doc>Click the element identified by ``locator``.</doc>
<arguments>
<arg>xpath=//input[@id='Descricao']</arg>
</arguments>
<msg timestamp="20201230 17:16:25.288" level="INFO">Clicking element 'xpath=//input[@id='Descricao']'.</msg>
<status status="PASS" starttime="20201230 17:16:25.288" endtime="20201230 17:16:25.346"></status>
</kw>
<kw name="Input Text" library="SeleniumLibrary">
<doc>Types the given ``text`` into the text field identified by ``locator``.</doc>
<arguments>
<arg>id=RotaID</arg>
<arg>${ROTA}</arg>
</arguments>
<msg timestamp="20201230 17:16:25.346" level="INFO">Typing text '10' into text field 'id=RotaID'.</msg>
<status status="PASS" starttime="20201230 17:16:25.346" endtime="20201230 17:16:25.463"></status>
</kw>
<kw name="Press Keys" library="SeleniumLibrary">
<doc>Simulates the user pressing key(s) to an element or on the active browser.</doc>
<arguments>
<arg>id=RotaID</arg>
<arg>ENTER</arg>
</arguments>
<msg timestamp="20201230 17:16:25.464" level="INFO">Sending key(s) ('ENTER',) to id=RotaID element.</msg>
<msg timestamp="20201230 17:16:25.766" level="INFO">Pressing special key ENTER to element.</msg>
<msg timestamp="20201230 17:16:25.766" level="INFO">Releasing special key ENTER.</msg>
<status status="PASS" starttime="20201230 17:16:25.464" endtime="20201230 17:16:25.771"></status>
</kw>
<kw name="Evaluate" library="BuiltIn">
<doc>Evaluates the given expression in Python and returns the result.</doc>
<arguments>
<arg>random.sample(range(1, 11), 1)</arg>
<arg>random</arg>
</arguments>
<assign>
<var>${numbers}</var>
</assign>
<msg timestamp="20201230 17:16:25.771" level="INFO">${numbers} = [1]</msg>
<status status="PASS" starttime="20201230 17:16:25.771" endtime="20201230 17:16:25.771"></status>
</kw>
<kw name="Input Text" library="SeleniumLibrary">
<doc>Types the given ``text`` into the text field identified by ``locator``.</doc>
<arguments>
<arg>id=Descricao</arg>
<arg>Rota ${numbers}</arg>
</arguments>
<msg timestamp="20201230 17:16:25.771" level="INFO">Typing text 'Rota [1]' into text field 'id=Descricao'.</msg>
<status status="PASS" starttime="20201230 17:16:25.771" endtime="20201230 17:16:25.905"></status>
</kw>
<kw name="Click Element" library="SeleniumLibrary">
<doc>Click the element identified by ``locator``.</doc>
<arguments>
<arg>xpath=//span[contains(text(),'Salvar')]</arg>
</arguments>
<msg timestamp="20201230 17:16:25.906" level="INFO">Clicking element 'xpath=//span[contains(text(),'Salvar')]'.</msg>
<status status="PASS" starttime="20201230 17:16:25.905" endtime="20201230 17:16:25.948"></status>
</kw>
<status status="PASS" starttime="20201230 17:16:23.290" endtime="20201230 17:16:25.949"></status>
</kw>
<status status="PASS" starttime="20201230 17:16:13.206" endtime="20201230 17:16:25.949" critical="yes"></status>
</test>
<status status="PASS" starttime="20201230 17:16:13.033" endtime="20201230 17:16:25.950"></status>
</suite>
<statistics>
<total>
<stat pass="1" fail="0">Critical Tests</stat>
<stat pass="1" fail="0">All Tests</stat>
</total>
<tag>
</tag>
<suite>
<stat pass="1" fail="0" id="s1" name="Suite">Suite</stat>
</suite>
</statistics>
<errors>
</errors>
</robot>
